Info: Starting: Create block symbol file (.bsf)
Info: ip-generate --project-directory="C:/Users/Joey/ownCloud/WorkSpace/FPGA/FPGA_portable 2.5 UART/" --output-directory="C:/Users/Joey/ownCloud/WorkSpace/FPGA/FPGA_portable 2.5 UART/pll/" --report-file="bsf:C:/Users/Joey/ownCloud/WorkSpace/FPGA/FPGA_portable 2.5 UART/pll.bsf" --system-info=DEVICE_FAMILY="Cyclone III" --system-info=DEVICE=EP3C5E144C8 --system-info=DEVICE_SPEEDGRADE=8 --component-file="C:/Users/Joey/ownCloud/WorkSpace/FPGA/FPGA_portable 2.5 UART/pll.qsys"
Progress: Loading FPGA_portable 2.5 UART/pll.qsys
Progress: Reading input file
Progress: Adding clk_0 [clock_source 13.1]
Progress: Parameterizing module clk_0
Progress: Adding altpll_0 [altpll 13.1]
Progress: Parameterizing module altpll_0
Progress: Adding altpll_1 [altpll 13.1]
Progress: Parameterizing module altpll_1
Progress: Building connections
Progress: Parameterizing connections
Progress: Validating
Progress: Done reading input file
Warning: pll.altpll_0: altpll_0.pll_slave must be connected to an Avalon-MM master
Warning: pll.altpll_1: altpll_1.pll_slave must be connected to an Avalon-MM master
Warning: pll.altpll_0: altpll_0.areset_conduit must be exported, or connected to a matching conduit.
Warning: pll.altpll_0: altpll_0.locked_conduit must be exported, or connected to a matching conduit.
Warning: pll.altpll_0: altpll_0.phasedone_conduit must be exported, or connected to a matching conduit.
Warning: pll.altpll_1: altpll_1.areset_conduit must be exported, or connected to a matching conduit.
Warning: pll.altpll_1: altpll_1.locked_conduit must be exported, or connected to a matching conduit.
Warning: pll.altpll_1: altpll_1.phasedone_conduit must be exported, or connected to a matching conduit.
Info: ip-generate succeeded.
Info: Finished: Create block symbol file (.bsf)
Info: 
Info: Starting: Create HDL design files for synthesis
Info: ip-generate --project-directory="C:/Users/Joey/ownCloud/WorkSpace/FPGA/FPGA_portable 2.5 UART/" --output-directory="C:/Users/Joey/ownCloud/WorkSpace/FPGA/FPGA_portable 2.5 UART/pll/synthesis/" --file-set=QUARTUS_SYNTH --report-file="html:C:/Users/Joey/ownCloud/WorkSpace/FPGA/FPGA_portable 2.5 UART/pll.html" --report-file="sopcinfo:C:/Users/Joey/ownCloud/WorkSpace/FPGA/FPGA_portable 2.5 UART/pll.sopcinfo" --report-file="cmp:C:/Users/Joey/ownCloud/WorkSpace/FPGA/FPGA_portable 2.5 UART/pll.cmp" --report-file="qip:C:/Users/Joey/ownCloud/WorkSpace/FPGA/FPGA_portable 2.5 UART/pll/synthesis/pll.qip" --report-file=svd --report-file="regmap:C:/Users/Joey/ownCloud/WorkSpace/FPGA/FPGA_portable 2.5 UART/pll/synthesis/pll.regmap" --report-file="debuginfo:C:/Users/Joey/ownCloud/WorkSpace/FPGA/FPGA_portable 2.5 UART/pll/synthesis/pll.debuginfo" --system-info=DEVICE_FAMILY="Cyclone III" --system-info=DEVICE=EP3C5E144C8 --system-info=DEVICE_SPEEDGRADE=8 --component-file="C:/Users/Joey/ownCloud/WorkSpace/FPGA/FPGA_portable 2.5 UART/pll.qsys" --language=VERILOG
Progress: Loading FPGA_portable 2.5 UART/pll.qsys
Progress: Reading input file
Progress: Adding clk_0 [clock_source 13.1]
Progress: Parameterizing module clk_0
Progress: Adding altpll_0 [altpll 13.1]
Progress: Parameterizing module altpll_0
Progress: Adding altpll_1 [altpll 13.1]
Progress: Parameterizing module altpll_1
Progress: Building connections
Progress: Parameterizing connections
Progress: Validating
Progress: Done reading input file
Warning: pll.altpll_0: altpll_0.pll_slave must be connected to an Avalon-MM master
Warning: pll.altpll_1: altpll_1.pll_slave must be connected to an Avalon-MM master
Warning: pll.altpll_0: altpll_0.areset_conduit must be exported, or connected to a matching conduit.
Warning: pll.altpll_0: altpll_0.locked_conduit must be exported, or connected to a matching conduit.
Warning: pll.altpll_0: altpll_0.phasedone_conduit must be exported, or connected to a matching conduit.
Warning: pll.altpll_1: altpll_1.areset_conduit must be exported, or connected to a matching conduit.
Warning: pll.altpll_1: altpll_1.locked_conduit must be exported, or connected to a matching conduit.
Warning: pll.altpll_1: altpll_1.phasedone_conduit must be exported, or connected to a matching conduit.
Info: pll: Generating pll "pll" for QUARTUS_SYNTH
Info: pipeline_bridge_swap_transform: After transform: 3 modules, 4 connections
Info: No custom instruction connections, skipping transform 
Info: reset_adaptation_transform: After transform: 5 modules, 8 connections
Info: altpll_0: "pll" instantiated altpll "altpll_0"
Info: altpll_1: "pll" instantiated altpll "altpll_1"
Info: rst_controller: "pll" instantiated altera_reset_controller "rst_controller"
Info: pll: Done "pll" with 4 modules, 6 files, 49747 bytes
Info: ip-generate succeeded.
Info: Finished: Create HDL design files for synthesis
